<?xml version="1.0" encoding="UTF-8"?>
<testsuite xmlns:xsi="http://www.w3.org/2001/XMLSchema-instance" xsi:noNamespaceSchemaLocation="https://maven.apache.org/surefire/maven-surefire-plugin/xsd/surefire-test-report.xsd" name="com.example.mesman.MesManApplicationTests" time="10.442" tests="1" errors="0" skipped="0" failures="0">
  <properties>
    <property name="sun.desktop" value="windows"/>
    <property name="awt.toolkit" value="sun.awt.windows.WToolkit"/>
    <property name="file.encoding.pkg" value="sun.io"/>
    <property name="java.specification.version" value="1.8"/>
    <property name="sun.cpu.isalist" value="amd64"/>
    <property name="sun.jnu.encoding" value="Cp1251"/>
    <property name="java.class.path" value="C:\Users\ЧлекКонстантин\Documents\GitHub\MesMan\target\test-classes;C:\Users\ЧлекКонстантин\Documents\GitHub\MesMan\target\classes;C:\Users\ЧлекКонстантин\.m2\repository\org\apache\cxf\cxf-spring-boot-starter-jaxws\3.4.2\cxf-spring-boot-starter-jaxws-3.4.2.jar;C:\Users\ЧлекКонстантин\.m2\repository\org\springframework\boot\spring-boot-starter\2.3.6.RELEASE\spring-boot-starter-2.3.6.RELEASE.jar;C:\Users\ЧлекКонстантин\.m2\repository\org\springframework\boot\spring-boot-starter-logging\2.3.6.RELEASE\spring-boot-starter-logging-2.3.6.RELEASE.jar;C:\Users\ЧлекКонстантин\.m2\repository\ch\qos\logback\logback-classic\1.2.3\logback-classic-1.2.3.jar;C:\Users\ЧлекКонстантин\.m2\repository\ch\qos\logback\logback-core\1.2.3\logback-core-1.2.3.jar;C:\Users\ЧлекКонстантин\.m2\repository\org\apache\logging\log4j\log4j-to-slf4j\2.13.3\log4j-to-slf4j-2.13.3.jar;C:\Users\ЧлекКонстантин\.m2\repository\org\apache\logging\log4j\log4j-api\2.13.3\log4j-api-2.13.3.jar;C:\Users\ЧлекКонстантин\.m2\repository\org\slf4j\jul-to-slf4j\1.7.30\jul-to-slf4j-1.7.30.jar;C:\Users\ЧлекКонстантин\.m2\repository\jakarta\annotation\jakarta.annotation-api\1.3.5\jakarta.annotation-api-1.3.5.jar;C:\Users\ЧлекКонстантин\.m2\repository\org\yaml\snakeyaml\1.26\snakeyaml-1.26.jar;C:\Users\ЧлекКонстантин\.m2\repository\org\apache\cxf\cxf-spring-boot-autoconfigure\3.4.2\cxf-spring-boot-autoconfigure-3.4.2.jar;C:\Users\ЧлекКонстантин\.m2\repository\org\apache\cxf\cxf-rt-transports-http\3.4.2\cxf-rt-transports-http-3.4.2.jar;C:\Users\ЧлекКонстантин\.m2\repository\org\apache\cxf\cxf-core\3.4.2\cxf-core-3.4.2.jar;C:\Users\ЧлекКонстантин\.m2\repository\com\fasterxml\woodstox\woodstox-core\6.2.3\woodstox-core-6.2.3.jar;C:\Users\ЧлекКонстантин\.m2\repository\org\codehaus\woodstox\stax2-api\4.2.1\stax2-api-4.2.1.jar;C:\Users\ЧлекКонстантин\.m2\repository\org\apache\ws\xmlschema\xmlschema-core\2.2.5\xmlschema-core-2.2.5.jar;C:\Users\ЧлекКонстантин\.m2\repository\org\apache\cxf\cxf-rt-frontend-jaxws\3.4.2\cxf-rt-frontend-jaxws-3.4.2.jar;C:\Users\ЧлекКонстантин\.m2\repository\xml-resolver\xml-resolver\1.2\xml-resolver-1.2.jar;C:\Users\ЧлекКонстантин\.m2\repository\org\ow2\asm\asm\9.0\asm-9.0.jar;C:\Users\ЧлекКонстантин\.m2\repository\org\apache\cxf\cxf-rt-bindings-soap\3.4.2\cxf-rt-bindings-soap-3.4.2.jar;C:\Users\ЧлекКонстантин\.m2\repository\org\apache\cxf\cxf-rt-wsdl\3.4.2\cxf-rt-wsdl-3.4.2.jar;C:\Users\ЧлекКонстантин\.m2\repository\org\apache\cxf\cxf-rt-databinding-jaxb\3.4.2\cxf-rt-databinding-jaxb-3.4.2.jar;C:\Users\ЧлекКонстантин\.m2\repository\org\apache\cxf\cxf-rt-bindings-xml\3.4.2\cxf-rt-bindings-xml-3.4.2.jar;C:\Users\ЧлекКонстантин\.m2\repository\org\apache\cxf\cxf-rt-frontend-simple\3.4.2\cxf-rt-frontend-simple-3.4.2.jar;C:\Users\ЧлекКонстантин\.m2\repository\org\apache\cxf\cxf-rt-ws-addr\3.4.2\cxf-rt-ws-addr-3.4.2.jar;C:\Users\ЧлекКонстантин\.m2\repository\org\apache\cxf\cxf-rt-ws-policy\3.4.2\cxf-rt-ws-policy-3.4.2.jar;C:\Users\ЧлекКонстантин\.m2\repository\org\apache\neethi\neethi\3.1.1\neethi-3.1.1.jar;C:\Users\ЧлекКонстантин\.m2\repository\org\apache\cxf\cxf-rt-features-metrics\3.4.2\cxf-rt-features-metrics-3.4.2.jar;C:\Users\ЧлекКонстантин\.m2\repository\jakarta\validation\jakarta.validation-api\2.0.2\jakarta.validation-api-2.0.2.jar;C:\Users\ЧлекКонстантин\.m2\repository\org\springframework\boot\spring-boot-starter-validation\2.3.6.RELEASE\spring-boot-starter-validation-2.3.6.RELEASE.jar;C:\Users\ЧлекКонстантин\.m2\repository\org\glassfish\jakarta.el\3.0.3\jakarta.el-3.0.3.jar;C:\Users\ЧлекКонстантин\.m2\repository\org\hibernate\validator\hibernate-validator\6.1.6.Final\hibernate-validator-6.1.6.Final.jar;C:\Users\ЧлекКонстантин\.m2\repository\org\springframework\boot\spring-boot-starter-data-rest\2.3.6.RELEASE\spring-boot-starter-data-rest-2.3.6.RELEASE.jar;C:\Users\ЧлекКонстантин\.m2\repository\org\springframework\data\spring-data-rest-webmvc\3.3.5.RELEASE\spring-data-rest-webmvc-3.3.5.RELEASE.jar;C:\Users\ЧлекКонстантин\.m2\repository\org\springframework\data\spring-data-rest-core\3.3.5.RELEASE\spring-data-rest-core-3.3.5.RELEASE.jar;C:\Users\ЧлекКонстантин\.m2\repository\org\springframework\hateoas\spring-hateoas\1.1.2.RELEASE\spring-hateoas-1.1.2.RELEASE.jar;C:\Users\ЧлекКонстантин\.m2\repository\org\springframework\plugin\spring-plugin-core\2.0.0.RELEASE\spring-plugin-core-2.0.0.RELEASE.jar;C:\Users\ЧлекКонстантин\.m2\repository\org\atteo\evo-inflector\1.2.2\evo-inflector-1.2.2.jar;C:\Users\ЧлекКонстантин\.m2\repository\com\fasterxml\jackson\core\jackson-databind\2.11.3\jackson-databind-2.11.3.jar;C:\Users\ЧлекКонстантин\.m2\repository\com\fasterxml\jackson\core\jackson-core\2.11.3\jackson-core-2.11.3.jar;C:\Users\ЧлекКонстантин\.m2\repository\com\fasterxml\jackson\core\jackson-annotations\2.11.3\jackson-annotations-2.11.3.jar;C:\Users\ЧлекКонстантин\.m2\repository\org\slf4j\slf4j-api\1.7.30\slf4j-api-1.7.30.jar;C:\Users\ЧлекКонстантин\.m2\repository\org\springframework\boot\spring-boot-starter-activemq\2.3.6.RELEASE\spring-boot-starter-activemq-2.3.6.RELEASE.jar;C:\Users\ЧлекКонстантин\.m2\repository\org\springframework\spring-jms\5.2.11.RELEASE\spring-jms-5.2.11.RELEASE.jar;C:\Users\ЧлекКонстантин\.m2\repository\org\springframework\spring-beans\5.2.11.RELEASE\spring-beans-5.2.11.RELEASE.jar;C:\Users\ЧлекКонстантин\.m2\repository\org\springframework\spring-messaging\5.2.11.RELEASE\spring-messaging-5.2.11.RELEASE.jar;C:\Users\ЧлекКонстантин\.m2\repository\org\springframework\spring-tx\5.2.11.RELEASE\spring-tx-5.2.11.RELEASE.jar;C:\Users\ЧлекКонстантин\.m2\repository\org\apache\activemq\activemq-broker\5.15.13\activemq-broker-5.15.13.jar;C:\Users\ЧлекКонстантин\.m2\repository\org\apache\activemq\activemq-client\5.15.13\activemq-client-5.15.13.jar;C:\Users\ЧлекКонстантин\.m2\repository\org\fusesource\hawtbuf\hawtbuf\1.11\hawtbuf-1.11.jar;C:\Users\ЧлекКонстантин\.m2\repository\org\apache\geronimo\specs\geronimo-j2ee-management_1.1_spec\1.0.1\geronimo-j2ee-management_1.1_spec-1.0.1.jar;C:\Users\ЧлекКонстантин\.m2\repository\org\apache\activemq\activemq-openwire-legacy\5.15.13\activemq-openwire-legacy-5.15.13.jar;C:\Users\ЧлекКонстантин\.m2\repository\com\google\guava\guava\29.0-android\guava-29.0-android.jar;C:\Users\ЧлекКонстантин\.m2\repository\com\google\guava\failureaccess\1.0.1\failureaccess-1.0.1.jar;C:\Users\ЧлекКонстантин\.m2\repository\com\google\guava\listenablefuture\9999.0-empty-to-avoid-conflict-with-guava\listenablefuture-9999.0-empty-to-avoid-conflict-with-guava.jar;C:\Users\ЧлекКонстантин\.m2\repository\com\google\code\findbugs\jsr305\3.0.2\jsr305-3.0.2.jar;C:\Users\ЧлекКонстантин\.m2\repository\org\checkerframework\checker-compat-qual\2.5.5\checker-compat-qual-2.5.5.jar;C:\Users\ЧлекКонстантин\.m2\repository\com\google\errorprone\error_prone_annotations\2.3.4\error_prone_annotations-2.3.4.jar;C:\Users\ЧлекКонстантин\.m2\repository\com\google\j2objc\j2objc-annotations\1.3\j2objc-annotations-1.3.jar;C:\Users\ЧлекКонстантин\.m2\repository\jakarta\jms\jakarta.jms-api\2.0.3\jakarta.jms-api-2.0.3.jar;C:\Users\ЧлекКонстантин\.m2\repository\org\springframework\boot\spring-boot-starter-jdbc\2.3.6.RELEASE\spring-boot-starter-jdbc-2.3.6.RELEASE.jar;C:\Users\ЧлекКонстантин\.m2\repository\com\zaxxer\HikariCP\3.4.5\HikariCP-3.4.5.jar;C:\Users\ЧлекКонстантин\.m2\repository\org\springframework\spring-jdbc\5.2.11.RELEASE\spring-jdbc-5.2.11.RELEASE.jar;C:\Users\ЧлекКонстантин\.m2\repository\org\springframework\boot\spring-boot-starter-mail\2.3.6.RELEASE\spring-boot-starter-mail-2.3.6.RELEASE.jar;C:\Users\ЧлекКонстантин\.m2\repository\org\springframework\spring-context-support\5.2.11.RELEASE\spring-context-support-5.2.11.RELEASE.jar;C:\Users\ЧлекКонстантин\.m2\repository\org\springframework\spring-context\5.2.11.RELEASE\spring-context-5.2.11.RELEASE.jar;C:\Users\ЧлекКонстантин\.m2\repository\com\sun\mail\jakarta.mail\1.6.5\jakarta.mail-1.6.5.jar;C:\Users\ЧлекКонстантин\.m2\repository\com\sun\activation\jakarta.activation\1.2.2\jakarta.activation-1.2.2.jar;C:\Users\ЧлекКонстантин\.m2\repository\org\springframework\boot\spring-boot-starter-web\2.3.6.RELEASE\spring-boot-starter-web-2.3.6.RELEASE.jar;C:\Users\ЧлекКонстантин\.m2\repository\org\springframework\boot\spring-boot-starter-json\2.3.6.RELEASE\spring-boot-starter-json-2.3.6.RELEASE.jar;C:\Users\ЧлекКонстантин\.m2\repository\com\fasterxml\jackson\datatype\jackson-datatype-jdk8\2.11.3\jackson-datatype-jdk8-2.11.3.jar;C:\Users\ЧлекКонстантин\.m2\repository\com\fasterxml\jackson\datatype\jackson-datatype-jsr310\2.11.3\jackson-datatype-jsr310-2.11.3.jar;C:\Users\ЧлекКонстантин\.m2\repository\com\fasterxml\jackson\module\jackson-module-parameter-names\2.11.3\jackson-module-parameter-names-2.11.3.jar;C:\Users\ЧлекКонстантин\.m2\repository\org\springframework\boot\spring-boot-starter-tomcat\2.3.6.RELEASE\spring-boot-starter-tomcat-2.3.6.RELEASE.jar;C:\Users\ЧлекКонстантин\.m2\repository\org\apache\tomcat\embed\tomcat-embed-core\9.0.39\tomcat-embed-core-9.0.39.jar;C:\Users\ЧлекКонстантин\.m2\repository\org\apache\tomcat\embed\tomcat-embed-websocket\9.0.39\tomcat-embed-websocket-9.0.39.jar;C:\Users\ЧлекКонстантин\.m2\repository\org\springframework\spring-web\5.2.11.RELEASE\spring-web-5.2.11.RELEASE.jar;C:\Users\ЧлекКонстантин\.m2\repository\org\springframework\spring-webmvc\5.2.11.RELEASE\spring-webmvc-5.2.11.RELEASE.jar;C:\Users\ЧлекКонстантин\.m2\repository\org\springframework\spring-aop\5.2.11.RELEASE\spring-aop-5.2.11.RELEASE.jar;C:\Users\ЧлекКонстантин\.m2\repository\org\springframework\spring-expression\5.2.11.RELEASE\spring-expression-5.2.11.RELEASE.jar;C:\Users\ЧлекКонстантин\.m2\repository\org\springframework\boot\spring-boot-starter-web-services\2.3.6.RELEASE\spring-boot-starter-web-services-2.3.6.RELEASE.jar;C:\Users\ЧлекКонстантин\.m2\repository\com\sun\xml\messaging\saaj\saaj-impl\1.5.2\saaj-impl-1.5.2.jar;C:\Users\ЧлекКонстантин\.m2\repository\jakarta\xml\soap\jakarta.xml.soap-api\1.4.2\jakarta.xml.soap-api-1.4.2.jar;C:\Users\ЧлекКонстантин\.m2\repository\org\jvnet\staxex\stax-ex\1.8.3\stax-ex-1.8.3.jar;C:\Users\ЧлекКонстантин\.m2\repository\jakarta\xml\ws\jakarta.xml.ws-api\2.3.3\jakarta.xml.ws-api-2.3.3.jar;C:\Users\ЧлекКонстантин\.m2\repository\jakarta\jws\jakarta.jws-api\2.1.0\jakarta.jws-api-2.1.0.jar;C:\Users\ЧлекКонстантин\.m2\repository\org\springframework\spring-oxm\5.2.11.RELEASE\spring-oxm-5.2.11.RELEASE.jar;C:\Users\ЧлекКонстантин\.m2\repository\org\springframework\ws\spring-ws-core\3.0.10.RELEASE\spring-ws-core-3.0.10.RELEASE.jar;C:\Users\ЧлекКонстантин\.m2\repository\org\springframework\ws\spring-xml\3.0.10.RELEASE\spring-xml-3.0.10.RELEASE.jar;C:\Users\ЧлекКонстантин\.m2\repository\org\springframework\boot\spring-boot-starter-data-jpa\2.3.6.RELEASE\spring-boot-starter-data-jpa-2.3.6.RELEASE.jar;C:\Users\ЧлекКонстантин\.m2\repository\org\springframework\boot\spring-boot-starter-aop\2.3.6.RELEASE\spring-boot-starter-aop-2.3.6.RELEASE.jar;C:\Users\ЧлекКонстантин\.m2\repository\org\aspectj\aspectjweaver\1.9.6\aspectjweaver-1.9.6.jar;C:\Users\ЧлекКонстантин\.m2\repository\jakarta\transaction\jakarta.transaction-api\1.3.3\jakarta.transaction-api-1.3.3.jar;C:\Users\ЧлекКонстантин\.m2\repository\jakarta\persistence\jakarta.persistence-api\2.2.3\jakarta.persistence-api-2.2.3.jar;C:\Users\ЧлекКонстантин\.m2\repository\org\hibernate\hibernate-core\5.4.23.Final\hibernate-core-5.4.23.Final.jar;C:\Users\ЧлекКонстантин\.m2\repository\org\jboss\logging\jboss-logging\3.4.1.Final\jboss-logging-3.4.1.Final.jar;C:\Users\ЧлекКонстантин\.m2\repository\org\javassist\javassist\3.24.0-GA\javassist-3.24.0-GA.jar;C:\Users\ЧлекКонстантин\.m2\repository\net\bytebuddy\byte-buddy\1.10.18\byte-buddy-1.10.18.jar;C:\Users\ЧлекКонстантин\.m2\repository\antlr\antlr\2.7.7\antlr-2.7.7.jar;C:\Users\ЧлекКонстантин\.m2\repository\org\jboss\jandex\2.1.3.Final\jandex-2.1.3.Final.jar;C:\Users\ЧлекКонстантин\.m2\repository\com\fasterxml\classmate\1.5.1\classmate-1.5.1.jar;C:\Users\ЧлекКонстантин\.m2\repository\org\dom4j\dom4j\2.1.3\dom4j-2.1.3.jar;C:\Users\ЧлекКонстантин\.m2\repository\org\hibernate\common\hibernate-commons-annotations\5.1.2.Final\hibernate-commons-annotations-5.1.2.Final.jar;C:\Users\ЧлекКонстантин\.m2\repository\org\glassfish\jaxb\jaxb-runtime\2.3.3\jaxb-runtime-2.3.3.jar;C:\Users\ЧлекКонстантин\.m2\repository\org\glassfish\jaxb\txw2\2.3.3\txw2-2.3.3.jar;C:\Users\ЧлекКонстантин\.m2\repository\com\sun\istack\istack-commons-runtime\3.0.11\istack-commons-runtime-3.0.11.jar;C:\Users\ЧлекКонстантин\.m2\repository\org\springframework\data\spring-data-jpa\2.3.5.RELEASE\spring-data-jpa-2.3.5.RELEASE.jar;C:\Users\ЧлекКонстантин\.m2\repository\org\springframework\data\spring-data-commons\2.3.5.RELEASE\spring-data-commons-2.3.5.RELEASE.jar;C:\Users\ЧлекКонстантин\.m2\repository\org\springframework\spring-orm\5.2.11.RELEASE\spring-orm-5.2.11.RELEASE.jar;C:\Users\ЧлекКонстантин\.m2\repository\org\springframework\spring-aspects\5.2.11.RELEASE\spring-aspects-5.2.11.RELEASE.jar;C:\Users\ЧлекКонстантин\.m2\repository\org\springframework\boot\spring-boot-devtools\2.3.6.RELEASE\spring-boot-devtools-2.3.6.RELEASE.jar;C:\Users\ЧлекКонстантин\.m2\repository\org\springframework\boot\spring-boot\2.3.6.RELEASE\spring-boot-2.3.6.RELEASE.jar;C:\Users\ЧлекКонстантин\.m2\repository\org\springframework\boot\spring-boot-autoconfigure\2.3.6.RELEASE\spring-boot-autoconfigure-2.3.6.RELEASE.jar;C:\Users\ЧлекКонстантин\.m2\repository\org\postgresql\postgresql\42.2.18\postgresql-42.2.18.jar;C:\Users\ЧлекКонстантин\.m2\repository\org\checkerframework\checker-qual\3.5.0\checker-qual-3.5.0.jar;C:\Users\ЧлекКонстантин\.m2\repository\org\springframework\boot\spring-boot-configuration-processor\2.3.6.RELEASE\spring-boot-configuration-processor-2.3.6.RELEASE.jar;C:\Users\ЧлекКонстантин\.m2\repository\org\projectlombok\lombok\1.18.16\lombok-1.18.16.jar;C:\Users\ЧлекКонстантин\.m2\repository\org\springframework\boot\spring-boot-starter-test\2.3.6.RELEASE\spring-boot-starter-test-2.3.6.RELEASE.jar;C:\Users\ЧлекКонстантин\.m2\repository\org\springframework\boot\spring-boot-test\2.3.6.RELEASE\spring-boot-test-2.3.6.RELEASE.jar;C:\Users\ЧлекКонстантин\.m2\repository\org\springframework\boot\spring-boot-test-autoconfigure\2.3.6.RELEASE\spring-boot-test-autoconfigure-2.3.6.RELEASE.jar;C:\Users\ЧлекКонстантин\.m2\repository\com\jayway\jsonpath\json-path\2.4.0\json-path-2.4.0.jar;C:\Users\ЧлекКонстантин\.m2\repository\net\minidev\json-smart\2.3\json-smart-2.3.jar;C:\Users\ЧлекКонстантин\.m2\repository\net\minidev\accessors-smart\1.2\accessors-smart-1.2.jar;C:\Users\ЧлекКонстантин\.m2\repository\jakarta\xml\bind\jakarta.xml.bind-api\2.3.3\jakarta.xml.bind-api-2.3.3.jar;C:\Users\ЧлекКонстантин\.m2\repository\jakarta\activation\jakarta.activation-api\1.2.2\jakarta.activation-api-1.2.2.jar;C:\Users\ЧлекКонстантин\.m2\repository\org\assertj\assertj-core\3.16.1\assertj-core-3.16.1.jar;C:\Users\ЧлекКонстантин\.m2\repository\org\hamcrest\hamcrest\2.2\hamcrest-2.2.jar;C:\Users\ЧлекКонстантин\.m2\repository\org\junit\jupiter\junit-jupiter\5.6.3\junit-jupiter-5.6.3.jar;C:\Users\ЧлекКонстантин\.m2\repository\org\junit\jupiter\junit-jupiter-api\5.6.3\junit-jupiter-api-5.6.3.jar;C:\Users\ЧлекКонстантин\.m2\repository\org\opentest4j\opentest4j\1.2.0\opentest4j-1.2.0.jar;C:\Users\ЧлекКонстантин\.m2\repository\org\junit\platform\junit-platform-commons\1.6.3\junit-platform-commons-1.6.3.jar;C:\Users\ЧлекКонстантин\.m2\repository\org\junit\jupiter\junit-jupiter-params\5.6.3\junit-jupiter-params-5.6.3.jar;C:\Users\ЧлекКонстантин\.m2\repository\org\junit\jupiter\junit-jupiter-engine\5.6.3\junit-jupiter-engine-5.6.3.jar;C:\Users\ЧлекКонстантин\.m2\repository\org\junit\vintage\junit-vintage-engine\5.6.3\junit-vintage-engine-5.6.3.jar;C:\Users\ЧлекКонстантин\.m2\repository\org\apiguardian\apiguardian-api\1.1.0\apiguardian-api-1.1.0.jar;C:\Users\ЧлекКонстантин\.m2\repository\org\junit\platform\junit-platform-engine\1.6.3\junit-platform-engine-1.6.3.jar;C:\Users\ЧлекКонстантин\.m2\repository\junit\junit\4.13.1\junit-4.13.1.jar;C:\Users\ЧлекКонстантин\.m2\repository\org\mockito\mockito-core\3.3.3\mockito-core-3.3.3.jar;C:\Users\ЧлекКонстантин\.m2\repository\net\bytebuddy\byte-buddy-agent\1.10.18\byte-buddy-agent-1.10.18.jar;C:\Users\ЧлекКонстантин\.m2\repository\org\objenesis\objenesis\2.6\objenesis-2.6.jar;C:\Users\ЧлекКонстантин\.m2\repository\org\mockito\mockito-junit-jupiter\3.3.3\mockito-junit-jupiter-3.3.3.jar;C:\Users\ЧлекКонстантин\.m2\repository\org\skyscreamer\jsonassert\1.5.0\jsonassert-1.5.0.jar;C:\Users\ЧлекКонстантин\.m2\repository\com\vaadin\external\google\android-json\0.0.20131108.vaadin1\android-json-0.0.20131108.vaadin1.jar;C:\Users\ЧлекКонстантин\.m2\repository\org\springframework\spring-core\5.2.11.RELEASE\spring-core-5.2.11.RELEASE.jar;C:\Users\ЧлекКонстантин\.m2\repository\org\springframework\spring-jcl\5.2.11.RELEASE\spring-jcl-5.2.11.RELEASE.jar;C:\Users\ЧлекКонстантин\.m2\repository\org\springframework\spring-test\5.2.11.RELEASE\spring-test-5.2.11.RELEASE.jar;C:\Users\ЧлекКонстантин\.m2\repository\org\xmlunit\xmlunit-core\2.7.0\xmlunit-core-2.7.0.jar;C:\Users\ЧлекКонстантин\.m2\repository\wsdl4j\wsdl4j\1.6.2\wsdl4j-1.6.2.jar;"/>
    <property name="java.vm.vendor" value="Oracle Corporation"/>
    <property name="sun.arch.data.model" value="64"/>
    <property name="user.variant" value=""/>
    <property name="java.vendor.url" value="http://java.oracle.com/"/>
    <property name="user.timezone" value="Europe/Moscow"/>
    <property name="java.vm.specification.version" value="1.8"/>
    <property name="os.name" value="Windows 10"/>
    <property name="user.country" value="RU"/>
    <property name="sun.java.launcher" value="SUN_STANDARD"/>
    <property name="sun.boot.library.path" value="C:\Program Files\Java\jdk1.8.0_271\jre\bin"/>
    <property name="sun.java.command" value="C:\Users\9E73~1\AppData\Local\Temp\surefire342076976167615004\surefirebooter9165483299760992077.jar C:\Users\ЧлекКонстантин\AppData\Local\Temp\surefire342076976167615004 2021-08-14T22-49-13_550-jvmRun1 surefire4995058908170582231tmp surefire_01698304265234727627tmp"/>
    <property name="surefire.test.class.path" value="C:\Users\ЧлекКонстантин\Documents\GitHub\MesMan\target\test-classes;C:\Users\ЧлекКонстантин\Documents\GitHub\MesMan\target\classes;C:\Users\ЧлекКонстантин\.m2\repository\org\apache\cxf\cxf-spring-boot-starter-jaxws\3.4.2\cxf-spring-boot-starter-jaxws-3.4.2.jar;C:\Users\ЧлекКонстантин\.m2\repository\org\springframework\boot\spring-boot-starter\2.3.6.RELEASE\spring-boot-starter-2.3.6.RELEASE.jar;C:\Users\ЧлекКонстантин\.m2\repository\org\springframework\boot\spring-boot-starter-logging\2.3.6.RELEASE\spring-boot-starter-logging-2.3.6.RELEASE.jar;C:\Users\ЧлекКонстантин\.m2\repository\ch\qos\logback\logback-classic\1.2.3\logback-classic-1.2.3.jar;C:\Users\ЧлекКонстантин\.m2\repository\ch\qos\logback\logback-core\1.2.3\logback-core-1.2.3.jar;C:\Users\ЧлекКонстантин\.m2\repository\org\apache\logging\log4j\log4j-to-slf4j\2.13.3\log4j-to-slf4j-2.13.3.jar;C:\Users\ЧлекКонстантин\.m2\repository\org\apache\logging\log4j\log4j-api\2.13.3\log4j-api-2.13.3.jar;C:\Users\ЧлекКонстантин\.m2\repository\org\slf4j\jul-to-slf4j\1.7.30\jul-to-slf4j-1.7.30.jar;C:\Users\ЧлекКонстантин\.m2\repository\jakarta\annotation\jakarta.annotation-api\1.3.5\jakarta.annotation-api-1.3.5.jar;C:\Users\ЧлекКонстантин\.m2\repository\org\yaml\snakeyaml\1.26\snakeyaml-1.26.jar;C:\Users\ЧлекКонстантин\.m2\repository\org\apache\cxf\cxf-spring-boot-autoconfigure\3.4.2\cxf-spring-boot-autoconfigure-3.4.2.jar;C:\Users\ЧлекКонстантин\.m2\repository\org\apache\cxf\cxf-rt-transports-http\3.4.2\cxf-rt-transports-http-3.4.2.jar;C:\Users\ЧлекКонстантин\.m2\repository\org\apache\cxf\cxf-core\3.4.2\cxf-core-3.4.2.jar;C:\Users\ЧлекКонстантин\.m2\repository\com\fasterxml\woodstox\woodstox-core\6.2.3\woodstox-core-6.2.3.jar;C:\Users\ЧлекКонстантин\.m2\repository\org\codehaus\woodstox\stax2-api\4.2.1\stax2-api-4.2.1.jar;C:\Users\ЧлекКонстантин\.m2\repository\org\apache\ws\xmlschema\xmlschema-core\2.2.5\xmlschema-core-2.2.5.jar;C:\Users\ЧлекКонстантин\.m2\repository\org\apache\cxf\cxf-rt-frontend-jaxws\3.4.2\cxf-rt-frontend-jaxws-3.4.2.jar;C:\Users\ЧлекКонстантин\.m2\repository\xml-resolver\xml-resolver\1.2\xml-resolver-1.2.jar;C:\Users\ЧлекКонстантин\.m2\repository\org\ow2\asm\asm\9.0\asm-9.0.jar;C:\Users\ЧлекКонстантин\.m2\repository\org\apache\cxf\cxf-rt-bindings-soap\3.4.2\cxf-rt-bindings-soap-3.4.2.jar;C:\Users\ЧлекКонстантин\.m2\repository\org\apache\cxf\cxf-rt-wsdl\3.4.2\cxf-rt-wsdl-3.4.2.jar;C:\Users\ЧлекКонстантин\.m2\repository\org\apache\cxf\cxf-rt-databinding-jaxb\3.4.2\cxf-rt-databinding-jaxb-3.4.2.jar;C:\Users\ЧлекКонстантин\.m2\repository\org\apache\cxf\cxf-rt-bindings-xml\3.4.2\cxf-rt-bindings-xml-3.4.2.jar;C:\Users\ЧлекКонстантин\.m2\repository\org\apache\cxf\cxf-rt-frontend-simple\3.4.2\cxf-rt-frontend-simple-3.4.2.jar;C:\Users\ЧлекКонстантин\.m2\repository\org\apache\cxf\cxf-rt-ws-addr\3.4.2\cxf-rt-ws-addr-3.4.2.jar;C:\Users\ЧлекКонстантин\.m2\repository\org\apache\cxf\cxf-rt-ws-policy\3.4.2\cxf-rt-ws-policy-3.4.2.jar;C:\Users\ЧлекКонстантин\.m2\repository\org\apache\neethi\neethi\3.1.1\neethi-3.1.1.jar;C:\Users\ЧлекКонстантин\.m2\repository\org\apache\cxf\cxf-rt-features-metrics\3.4.2\cxf-rt-features-metrics-3.4.2.jar;C:\Users\ЧлекКонстантин\.m2\repository\jakarta\validation\jakarta.validation-api\2.0.2\jakarta.validation-api-2.0.2.jar;C:\Users\ЧлекКонстантин\.m2\repository\org\springframework\boot\spring-boot-starter-validation\2.3.6.RELEASE\spring-boot-starter-validation-2.3.6.RELEASE.jar;C:\Users\ЧлекКонстантин\.m2\repository\org\glassfish\jakarta.el\3.0.3\jakarta.el-3.0.3.jar;C:\Users\ЧлекКонстантин\.m2\repository\org\hibernate\validator\hibernate-validator\6.1.6.Final\hibernate-validator-6.1.6.Final.jar;C:\Users\ЧлекКонстантин\.m2\repository\org\springframework\boot\spring-boot-starter-data-rest\2.3.6.RELEASE\spring-boot-starter-data-rest-2.3.6.RELEASE.jar;C:\Users\ЧлекКонстантин\.m2\repository\org\springframework\data\spring-data-rest-webmvc\3.3.5.RELEASE\spring-data-rest-webmvc-3.3.5.RELEASE.jar;C:\Users\ЧлекКонстантин\.m2\repository\org\springframework\data\spring-data-rest-core\3.3.5.RELEASE\spring-data-rest-core-3.3.5.RELEASE.jar;C:\Users\ЧлекКонстантин\.m2\repository\org\springframework\hateoas\spring-hateoas\1.1.2.RELEASE\spring-hateoas-1.1.2.RELEASE.jar;C:\Users\ЧлекКонстантин\.m2\repository\org\springframework\plugin\spring-plugin-core\2.0.0.RELEASE\spring-plugin-core-2.0.0.RELEASE.jar;C:\Users\ЧлекКонстантин\.m2\repository\org\atteo\evo-inflector\1.2.2\evo-inflector-1.2.2.jar;C:\Users\ЧлекКонстантин\.m2\repository\com\fasterxml\jackson\core\jackson-databind\2.11.3\jackson-databind-2.11.3.jar;C:\Users\ЧлекКонстантин\.m2\repository\com\fasterxml\jackson\core\jackson-core\2.11.3\jackson-core-2.11.3.jar;C:\Users\ЧлекКонстантин\.m2\repository\com\fasterxml\jackson\core\jackson-annotations\2.11.3\jackson-annotations-2.11.3.jar;C:\Users\ЧлекКонстантин\.m2\repository\org\slf4j\slf4j-api\1.7.30\slf4j-api-1.7.30.jar;C:\Users\ЧлекКонстантин\.m2\repository\org\springframework\boot\spring-boot-starter-activemq\2.3.6.RELEASE\spring-boot-starter-activemq-2.3.6.RELEASE.jar;C:\Users\ЧлекКонстантин\.m2\repository\org\springframework\spring-jms\5.2.11.RELEASE\spring-jms-5.2.11.RELEASE.jar;C:\Users\ЧлекКонстантин\.m2\repository\org\springframework\spring-beans\5.2.11.RELEASE\spring-beans-5.2.11.RELEASE.jar;C:\Users\ЧлекКонстантин\.m2\repository\org\springframework\spring-messaging\5.2.11.RELEASE\spring-messaging-5.2.11.RELEASE.jar;C:\Users\ЧлекКонстантин\.m2\repository\org\springframework\spring-tx\5.2.11.RELEASE\spring-tx-5.2.11.RELEASE.jar;C:\Users\ЧлекКонстантин\.m2\repository\org\apache\activemq\activemq-broker\5.15.13\activemq-broker-5.15.13.jar;C:\Users\ЧлекКонстантин\.m2\repository\org\apache\activemq\activemq-client\5.15.13\activemq-client-5.15.13.jar;C:\Users\ЧлекКонстантин\.m2\repository\org\fusesource\hawtbuf\hawtbuf\1.11\hawtbuf-1.11.jar;C:\Users\ЧлекКонстантин\.m2\repository\org\apache\geronimo\specs\geronimo-j2ee-management_1.1_spec\1.0.1\geronimo-j2ee-management_1.1_spec-1.0.1.jar;C:\Users\ЧлекКонстантин\.m2\repository\org\apache\activemq\activemq-openwire-legacy\5.15.13\activemq-openwire-legacy-5.15.13.jar;C:\Users\ЧлекКонстантин\.m2\repository\com\google\guava\guava\29.0-android\guava-29.0-android.jar;C:\Users\ЧлекКонстантин\.m2\repository\com\google\guava\failureaccess\1.0.1\failureaccess-1.0.1.jar;C:\Users\ЧлекКонстантин\.m2\repository\com\google\guava\listenablefuture\9999.0-empty-to-avoid-conflict-with-guava\listenablefuture-9999.0-empty-to-avoid-conflict-with-guava.jar;C:\Users\ЧлекКонстантин\.m2\repository\com\google\code\findbugs\jsr305\3.0.2\jsr305-3.0.2.jar;C:\Users\ЧлекКонстантин\.m2\repository\org\checkerframework\checker-compat-qual\2.5.5\checker-compat-qual-2.5.5.jar;C:\Users\ЧлекКонстантин\.m2\repository\com\google\errorprone\error_prone_annotations\2.3.4\error_prone_annotations-2.3.4.jar;C:\Users\ЧлекКонстантин\.m2\repository\com\google\j2objc\j2objc-annotations\1.3\j2objc-annotations-1.3.jar;C:\Users\ЧлекКонстантин\.m2\repository\jakarta\jms\jakarta.jms-api\2.0.3\jakarta.jms-api-2.0.3.jar;C:\Users\ЧлекКонстантин\.m2\repository\org\springframework\boot\spring-boot-starter-jdbc\2.3.6.RELEASE\spring-boot-starter-jdbc-2.3.6.RELEASE.jar;C:\Users\ЧлекКонстантин\.m2\repository\com\zaxxer\HikariCP\3.4.5\HikariCP-3.4.5.jar;C:\Users\ЧлекКонстантин\.m2\repository\org\springframework\spring-jdbc\5.2.11.RELEASE\spring-jdbc-5.2.11.RELEASE.jar;C:\Users\ЧлекКонстантин\.m2\repository\org\springframework\boot\spring-boot-starter-mail\2.3.6.RELEASE\spring-boot-starter-mail-2.3.6.RELEASE.jar;C:\Users\ЧлекКонстантин\.m2\repository\org\springframework\spring-context-support\5.2.11.RELEASE\spring-context-support-5.2.11.RELEASE.jar;C:\Users\ЧлекКонстантин\.m2\repository\org\springframework\spring-context\5.2.11.RELEASE\spring-context-5.2.11.RELEASE.jar;C:\Users\ЧлекКонстантин\.m2\repository\com\sun\mail\jakarta.mail\1.6.5\jakarta.mail-1.6.5.jar;C:\Users\ЧлекКонстантин\.m2\repository\com\sun\activation\jakarta.activation\1.2.2\jakarta.activation-1.2.2.jar;C:\Users\ЧлекКонстантин\.m2\repository\org\springframework\boot\spring-boot-starter-web\2.3.6.RELEASE\spring-boot-starter-web-2.3.6.RELEASE.jar;C:\Users\ЧлекКонстантин\.m2\repository\org\springframework\boot\spring-boot-starter-json\2.3.6.RELEASE\spring-boot-starter-json-2.3.6.RELEASE.jar;C:\Users\ЧлекКонстантин\.m2\repository\com\fasterxml\jackson\datatype\jackson-datatype-jdk8\2.11.3\jackson-datatype-jdk8-2.11.3.jar;C:\Users\ЧлекКонстантин\.m2\repository\com\fasterxml\jackson\datatype\jackson-datatype-jsr310\2.11.3\jackson-datatype-jsr310-2.11.3.jar;C:\Users\ЧлекКонстантин\.m2\repository\com\fasterxml\jackson\module\jackson-module-parameter-names\2.11.3\jackson-module-parameter-names-2.11.3.jar;C:\Users\ЧлекКонстантин\.m2\repository\org\springframework\boot\spring-boot-starter-tomcat\2.3.6.RELEASE\spring-boot-starter-tomcat-2.3.6.RELEASE.jar;C:\Users\ЧлекКонстантин\.m2\repository\org\apache\tomcat\embed\tomcat-embed-core\9.0.39\tomcat-embed-core-9.0.39.jar;C:\Users\ЧлекКонстантин\.m2\repository\org\apache\tomcat\embed\tomcat-embed-websocket\9.0.39\tomcat-embed-websocket-9.0.39.jar;C:\Users\ЧлекКонстантин\.m2\repository\org\springframework\spring-web\5.2.11.RELEASE\spring-web-5.2.11.RELEASE.jar;C:\Users\ЧлекКонстантин\.m2\repository\org\springframework\spring-webmvc\5.2.11.RELEASE\spring-webmvc-5.2.11.RELEASE.jar;C:\Users\ЧлекКонстантин\.m2\repository\org\springframework\spring-aop\5.2.11.RELEASE\spring-aop-5.2.11.RELEASE.jar;C:\Users\ЧлекКонстантин\.m2\repository\org\springframework\spring-expression\5.2.11.RELEASE\spring-expression-5.2.11.RELEASE.jar;C:\Users\ЧлекКонстантин\.m2\repository\org\springframework\boot\spring-boot-starter-web-services\2.3.6.RELEASE\spring-boot-starter-web-services-2.3.6.RELEASE.jar;C:\Users\ЧлекКонстантин\.m2\repository\com\sun\xml\messaging\saaj\saaj-impl\1.5.2\saaj-impl-1.5.2.jar;C:\Users\ЧлекКонстантин\.m2\repository\jakarta\xml\soap\jakarta.xml.soap-api\1.4.2\jakarta.xml.soap-api-1.4.2.jar;C:\Users\ЧлекКонстантин\.m2\repository\org\jvnet\staxex\stax-ex\1.8.3\stax-ex-1.8.3.jar;C:\Users\ЧлекКонстантин\.m2\repository\jakarta\xml\ws\jakarta.xml.ws-api\2.3.3\jakarta.xml.ws-api-2.3.3.jar;C:\Users\ЧлекКонстантин\.m2\repository\jakarta\jws\jakarta.jws-api\2.1.0\jakarta.jws-api-2.1.0.jar;C:\Users\ЧлекКонстантин\.m2\repository\org\springframework\spring-oxm\5.2.11.RELEASE\spring-oxm-5.2.11.RELEASE.jar;C:\Users\ЧлекКонстантин\.m2\repository\org\springframework\ws\spring-ws-core\3.0.10.RELEASE\spring-ws-core-3.0.10.RELEASE.jar;C:\Users\ЧлекКонстантин\.m2\repository\org\springframework\ws\spring-xml\3.0.10.RELEASE\spring-xml-3.0.10.RELEASE.jar;C:\Users\ЧлекКонстантин\.m2\repository\org\springframework\boot\spring-boot-starter-data-jpa\2.3.6.RELEASE\spring-boot-starter-data-jpa-2.3.6.RELEASE.jar;C:\Users\ЧлекКонстантин\.m2\repository\org\springframework\boot\spring-boot-starter-aop\2.3.6.RELEASE\spring-boot-starter-aop-2.3.6.RELEASE.jar;C:\Users\ЧлекКонстантин\.m2\repository\org\aspectj\aspectjweaver\1.9.6\aspectjweaver-1.9.6.jar;C:\Users\ЧлекКонстантин\.m2\repository\jakarta\transaction\jakarta.transaction-api\1.3.3\jakarta.transaction-api-1.3.3.jar;C:\Users\ЧлекКонстантин\.m2\repository\jakarta\persistence\jakarta.persistence-api\2.2.3\jakarta.persistence-api-2.2.3.jar;C:\Users\ЧлекКонстантин\.m2\repository\org\hibernate\hibernate-core\5.4.23.Final\hibernate-core-5.4.23.Final.jar;C:\Users\ЧлекКонстантин\.m2\repository\org\jboss\logging\jboss-logging\3.4.1.Final\jboss-logging-3.4.1.Final.jar;C:\Users\ЧлекКонстантин\.m2\repository\org\javassist\javassist\3.24.0-GA\javassist-3.24.0-GA.jar;C:\Users\ЧлекКонстантин\.m2\repository\net\bytebuddy\byte-buddy\1.10.18\byte-buddy-1.10.18.jar;C:\Users\ЧлекКонстантин\.m2\repository\antlr\antlr\2.7.7\antlr-2.7.7.jar;C:\Users\ЧлекКонстантин\.m2\repository\org\jboss\jandex\2.1.3.Final\jandex-2.1.3.Final.jar;C:\Users\ЧлекКонстантин\.m2\repository\com\fasterxml\classmate\1.5.1\classmate-1.5.1.jar;C:\Users\ЧлекКонстантин\.m2\repository\org\dom4j\dom4j\2.1.3\dom4j-2.1.3.jar;C:\Users\ЧлекКонстантин\.m2\repository\org\hibernate\common\hibernate-commons-annotations\5.1.2.Final\hibernate-commons-annotations-5.1.2.Final.jar;C:\Users\ЧлекКонстантин\.m2\repository\org\glassfish\jaxb\jaxb-runtime\2.3.3\jaxb-runtime-2.3.3.jar;C:\Users\ЧлекКонстантин\.m2\repository\org\glassfish\jaxb\txw2\2.3.3\txw2-2.3.3.jar;C:\Users\ЧлекКонстантин\.m2\repository\com\sun\istack\istack-commons-runtime\3.0.11\istack-commons-runtime-3.0.11.jar;C:\Users\ЧлекКонстантин\.m2\repository\org\springframework\data\spring-data-jpa\2.3.5.RELEASE\spring-data-jpa-2.3.5.RELEASE.jar;C:\Users\ЧлекКонстантин\.m2\repository\org\springframework\data\spring-data-commons\2.3.5.RELEASE\spring-data-commons-2.3.5.RELEASE.jar;C:\Users\ЧлекКонстантин\.m2\repository\org\springframework\spring-orm\5.2.11.RELEASE\spring-orm-5.2.11.RELEASE.jar;C:\Users\ЧлекКонстантин\.m2\repository\org\springframework\spring-aspects\5.2.11.RELEASE\spring-aspects-5.2.11.RELEASE.jar;C:\Users\ЧлекКонстантин\.m2\repository\org\springframework\boot\spring-boot-devtools\2.3.6.RELEASE\spring-boot-devtools-2.3.6.RELEASE.jar;C:\Users\ЧлекКонстантин\.m2\repository\org\springframework\boot\spring-boot\2.3.6.RELEASE\spring-boot-2.3.6.RELEASE.jar;C:\Users\ЧлекКонстантин\.m2\repository\org\springframework\boot\spring-boot-autoconfigure\2.3.6.RELEASE\spring-boot-autoconfigure-2.3.6.RELEASE.jar;C:\Users\ЧлекКонстантин\.m2\repository\org\postgresql\postgresql\42.2.18\postgresql-42.2.18.jar;C:\Users\ЧлекКонстантин\.m2\repository\org\checkerframework\checker-qual\3.5.0\checker-qual-3.5.0.jar;C:\Users\ЧлекКонстантин\.m2\repository\org\springframework\boot\spring-boot-configuration-processor\2.3.6.RELEASE\spring-boot-configuration-processor-2.3.6.RELEASE.jar;C:\Users\ЧлекКонстантин\.m2\repository\org\projectlombok\lombok\1.18.16\lombok-1.18.16.jar;C:\Users\ЧлекКонстантин\.m2\repository\org\springframework\boot\spring-boot-starter-test\2.3.6.RELEASE\spring-boot-starter-test-2.3.6.RELEASE.jar;C:\Users\ЧлекКонстантин\.m2\repository\org\springframework\boot\spring-boot-test\2.3.6.RELEASE\spring-boot-test-2.3.6.RELEASE.jar;C:\Users\ЧлекКонстантин\.m2\repository\org\springframework\boot\spring-boot-test-autoconfigure\2.3.6.RELEASE\spring-boot-test-autoconfigure-2.3.6.RELEASE.jar;C:\Users\ЧлекКонстантин\.m2\repository\com\jayway\jsonpath\json-path\2.4.0\json-path-2.4.0.jar;C:\Users\ЧлекКонстантин\.m2\repository\net\minidev\json-smart\2.3\json-smart-2.3.jar;C:\Users\ЧлекКонстантин\.m2\repository\net\minidev\accessors-smart\1.2\accessors-smart-1.2.jar;C:\Users\ЧлекКонстантин\.m2\repository\jakarta\xml\bind\jakarta.xml.bind-api\2.3.3\jakarta.xml.bind-api-2.3.3.jar;C:\Users\ЧлекКонстантин\.m2\repository\jakarta\activation\jakarta.activation-api\1.2.2\jakarta.activation-api-1.2.2.jar;C:\Users\ЧлекКонстантин\.m2\repository\org\assertj\assertj-core\3.16.1\assertj-core-3.16.1.jar;C:\Users\ЧлекКонстантин\.m2\repository\org\hamcrest\hamcrest\2.2\hamcrest-2.2.jar;C:\Users\ЧлекКонстантин\.m2\repository\org\junit\jupiter\junit-jupiter\5.6.3\junit-jupiter-5.6.3.jar;C:\Users\ЧлекКонстантин\.m2\repository\org\junit\jupiter\junit-jupiter-api\5.6.3\junit-jupiter-api-5.6.3.jar;C:\Users\ЧлекКонстантин\.m2\repository\org\opentest4j\opentest4j\1.2.0\opentest4j-1.2.0.jar;C:\Users\ЧлекКонстантин\.m2\repository\org\junit\platform\junit-platform-commons\1.6.3\junit-platform-commons-1.6.3.jar;C:\Users\ЧлекКонстантин\.m2\repository\org\junit\jupiter\junit-jupiter-params\5.6.3\junit-jupiter-params-5.6.3.jar;C:\Users\ЧлекКонстантин\.m2\repository\org\junit\jupiter\junit-jupiter-engine\5.6.3\junit-jupiter-engine-5.6.3.jar;C:\Users\ЧлекКонстантин\.m2\repository\org\junit\vintage\junit-vintage-engine\5.6.3\junit-vintage-engine-5.6.3.jar;C:\Users\ЧлекКонстантин\.m2\repository\org\apiguardian\apiguardian-api\1.1.0\apiguardian-api-1.1.0.jar;C:\Users\ЧлекКонстантин\.m2\repository\org\junit\platform\junit-platform-engine\1.6.3\junit-platform-engine-1.6.3.jar;C:\Users\ЧлекКонстантин\.m2\repository\junit\junit\4.13.1\junit-4.13.1.jar;C:\Users\ЧлекКонстантин\.m2\repository\org\mockito\mockito-core\3.3.3\mockito-core-3.3.3.jar;C:\Users\ЧлекКонстантин\.m2\repository\net\bytebuddy\byte-buddy-agent\1.10.18\byte-buddy-agent-1.10.18.jar;C:\Users\ЧлекКонстантин\.m2\repository\org\objenesis\objenesis\2.6\objenesis-2.6.jar;C:\Users\ЧлекКонстантин\.m2\repository\org\mockito\mockito-junit-jupiter\3.3.3\mockito-junit-jupiter-3.3.3.jar;C:\Users\ЧлекКонстантин\.m2\repository\org\skyscreamer\jsonassert\1.5.0\jsonassert-1.5.0.jar;C:\Users\ЧлекКонстантин\.m2\repository\com\vaadin\external\google\android-json\0.0.20131108.vaadin1\android-json-0.0.20131108.vaadin1.jar;C:\Users\ЧлекКонстантин\.m2\repository\org\springframework\spring-core\5.2.11.RELEASE\spring-core-5.2.11.RELEASE.jar;C:\Users\ЧлекКонстантин\.m2\repository\org\springframework\spring-jcl\5.2.11.RELEASE\spring-jcl-5.2.11.RELEASE.jar;C:\Users\ЧлекКонстантин\.m2\repository\org\springframework\spring-test\5.2.11.RELEASE\spring-test-5.2.11.RELEASE.jar;C:\Users\ЧлекКонстантин\.m2\repository\org\xmlunit\xmlunit-core\2.7.0\xmlunit-core-2.7.0.jar;C:\Users\ЧлекКонстантин\.m2\repository\wsdl4j\wsdl4j\1.6.2\wsdl4j-1.6.2.jar;"/>
    <property name="sun.cpu.endian" value="little"/>
    <property name="user.home" value="C:\Users\ЧлекКонстантин"/>
    <property name="user.language" value="ru"/>
    <property name="java.specification.vendor" value="Oracle Corporation"/>
    <property name="java.home" value="C:\Program Files\Java\jdk1.8.0_271\jre"/>
    <property name="basedir" value="C:\Users\ЧлекКонстантин\Documents\GitHub\MesMan"/>
    <property name="file.separator" value="\"/>
    <property name="line.separator" value="&#10;"/>
    <property name="java.vm.specification.vendor" value="Oracle Corporation"/>
    <property name="java.specification.name" value="Java Platform API Specification"/>
    <property name="java.awt.graphicsenv" value="sun.awt.Win32GraphicsEnvironment"/>
    <property name="surefire.real.class.path" value="C:\Users\9E73~1\AppData\Local\Temp\surefire342076976167615004\surefirebooter9165483299760992077.jar"/>
    <property name="sun.boot.class.path" value="C:\Program Files\Java\jdk1.8.0_271\jre\lib\resources.jar;C:\Program Files\Java\jdk1.8.0_271\jre\lib\rt.jar;C:\Program Files\Java\jdk1.8.0_271\jre\lib\sunrsasign.jar;C:\Program Files\Java\jdk1.8.0_271\jre\lib\jsse.jar;C:\Program Files\Java\jdk1.8.0_271\jre\lib\jce.jar;C:\Program Files\Java\jdk1.8.0_271\jre\lib\charsets.jar;C:\Program Files\Java\jdk1.8.0_271\jre\lib\jfr.jar;C:\Program Files\Java\jdk1.8.0_271\jre\classes"/>
    <property name="user.script" value=""/>
    <property name="sun.management.compiler" value="HotSpot 64-Bit Tiered Compilers"/>
    <property name="java.runtime.version" value="1.8.0_271-b09"/>
    <property name="user.name" value="ЧлекКонстантин"/>
    <property name="path.separator" value=";"/>
    <property name="os.version" value="10.0"/>
    <property name="java.endorsed.dirs" value="C:\Program Files\Java\jdk1.8.0_271\jre\lib\endorsed"/>
    <property name="java.runtime.name" value="Java(TM) SE Runtime Environment"/>
    <property name="file.encoding" value="Cp1251"/>
    <property name="java.vm.name" value="Java HotSpot(TM) 64-Bit Server VM"/>
    <property name="localRepository" value="C:\Users\ЧлекКонстантин\.m2\repository"/>
    <property name="java.vendor.url.bug" value="http://bugreport.sun.com/bugreport/"/>
    <property name="java.io.tmpdir" value="C:\Users\9E73~1\AppData\Local\Temp\"/>
    <property name="idea.version" value="2021.2"/>
    <property name="java.version" value="1.8.0_271"/>
    <property name="user.dir" value="C:\Users\ЧлекКонстантин\Documents\GitHub\MesMan"/>
    <property name="os.arch" value="amd64"/>
    <property name="java.vm.specification.name" value="Java Virtual Machine Specification"/>
    <property name="java.awt.printerjob" value="sun.awt.windows.WPrinterJob"/>
    <property name="sun.os.patch.level" value=""/>
    <property name="java.library.path" value="C:\Program Files\Java\jdk1.8.0_271\jre\bin;C:\WINDOWS\Sun\Java\bin;C:\WINDOWS\system32;C:\WINDOWS;C:\Program Files\Common Files\Oracle\Java\javapath;C:\Program Files\Java\jdk-15.0.1bin;C:\Oracle19\product\19.0.0\client_1\bin;C:\oracleclient_12\product\11.2.0\client_1\bin;C:\Program Files (x86)\Common Files\Oracle\Java\javapath;C:\WINDOWS\system32;C:\WINDOWS;C:\WINDOWS\System32\Wbem;C:\WINDOWS\System32\WindowsPowerShell\v1.0\;C:\WINDOWS\System32\OpenSSH\;C:\Program Files\PuTTY\;C:\instantclient_19_8;C:\apache-maven-3.6.3\bin;C:\Program Files (x86)\Intel\Intel(R) Management Engine Components\DAL;C:\Program Files\Intel\Intel(R) Management Engine Components\DAL;C:\Program Files\Git\cmd;C:\Program Files\MySQL\MySQL Shell 8.0\bin\;C:\Users\ЧлекКонстантин\AppData\Local\Microsoft\WindowsApps;C:\Program Files\Java\jdk-15.0.1bin;C:\apache-jmeter-5.3bin;C:\instantclient_19_8;C:\Users\ЧлекКонстантин\AppData\Local\GitHubDesktop\bin;C:\apache-maven-3.6.3\bin;;C:\Program Files\JetBrains\IntelliJ IDEA 2021.1.1\bin;;."/>
    <property name="java.vm.info" value="mixed mode"/>
    <property name="java.vendor" value="Oracle Corporation"/>
    <property name="java.vm.version" value="25.271-b09"/>
    <property name="java.ext.dirs" value="C:\Program Files\Java\jdk1.8.0_271\jre\lib\ext;C:\WINDOWS\Sun\Java\lib\ext"/>
    <property name="sun.io.unicode.encoding" value="UnicodeLittle"/>
    <property name="java.class.version" value="52.0"/>
  </properties>
  <testcase name="contextLoads" classname="com.example.mesman.MesManApplicationTests" time="0.21"/>
</testsuite>